<?xml version="1.0" encoding="UTF-8"?>
<!-- Generated by org.testng.reporters.JUnitReportReporter -->
<testsuite hostname="QA-VishalB" failures="0" tests="1" name="New_car.Url" time="1.645" errors="0" timestamp="2024-08-12T16:00:05 IST" skipped="0">
  <testcase classname="New_car.Url" name="testSomething" time="1.645"/>
</testsuite> <!-- New_car.Url -->
