<?xml version="1.0" encoding="UTF-8"?>
<!-- Generated by org.testng.reporters.JUnitReportReporter -->
<testsuite hostname="QA-VishalB" failures="0" tests="1" name="utils.TestUtilities" time="10.194" errors="0" timestamp="2024-08-20T18:00:29 IST" skipped="0">
  <testcase classname="utils.TestUtilities" name="newCar" time="10.194"/>
</testsuite> <!-- utils.TestUtilities -->
