<?xml version="1.0" encoding="UTF-8"?>
<!-- Generated by org.testng.reporters.JUnitReportReporter -->
<testsuite hostname="QA-VishalB" failures="0" tests="56" name="ThirdParty.TC_13" time="208.194" errors="0" timestamp="2024-09-16T17:02:01 IST" skipped="0">
  <testcase classname="ThirdParty.TC_13" name="clickCarModule" time="6.621"/>
  <testcase classname="ThirdParty.TC_13" name="dontknowcar" time="1.790"/>
  <testcase classname="ThirdParty.TC_13" name="Third_party" time="0.460"/>
  <testcase classname="ThirdParty.TC_13" name="exisitngTP_popup" time="0.004"/>
  <testcase classname="ThirdParty.TC_13" name="rto_num" time="1.369"/>
  <testcase classname="ThirdParty.TC_13" name="reg_date" time="1.358"/>
  <testcase classname="ThirdParty.TC_13" name="vehicle_num" time="0.248"/>
  <testcase classname="ThirdParty.TC_13" name="make" time="0.540"/>
  <testcase classname="ThirdParty.TC_13" name="model" time="0.639"/>
  <testcase classname="ThirdParty.TC_13" name="variant" time="0.444"/>
  <testcase classname="ThirdParty.TC_13" name="previous_pol" time="0.328"/>
  <testcase classname="ThirdParty.TC_13" name="previouscopy_Yes" time="0.453"/>
  <testcase classname="ThirdParty.TC_13" name="pol_Expirydate" time="1.362"/>
  <testcase classname="ThirdParty.TC_13" name="owner_type" time="0.122"/>
  <testcase classname="ThirdParty.TC_13" name="CPA_No" time="0.163"/>
  <testcase classname="ThirdParty.TC_13" name="claim_No" time="0.003"/>
  <testcase classname="ThirdParty.TC_13" name="ncb_drpdwn" time="0.001"/>
  <testcase classname="ThirdParty.TC_13" name="fullname" time="0.261"/>
  <testcase classname="ThirdParty.TC_13" name="mobnum" time="0.131"/>
  <testcase classname="ThirdParty.TC_13" name="term_con" time="0.233"/>
  <testcase classname="ThirdParty.TC_13" name="get_quote" time="0.206"/>
  <testcase classname="ThirdParty.TC_13" name="pa_cover" time="42.074"/>
  <testcase classname="ThirdParty.TC_13" name="cng" time="2.594"/>
  <testcase classname="ThirdParty.TC_13" name="premium" time="10.482"/>
  <testcase classname="ThirdParty.TC_13" name="kyc_button" time="2.277"/>
  <testcase classname="ThirdParty.TC_13" name="ckyc_number" time="0.186"/>
  <testcase classname="ThirdParty.TC_13" name="dob_calender" time="0.674"/>
  <testcase classname="ThirdParty.TC_13" name="email" time="0.247"/>
  <testcase classname="ThirdParty.TC_13" name="Verify_kyc" time="0.142"/>
  <testcase classname="ThirdParty.TC_13" name="Marital" time="1.195"/>
  <testcase classname="ThirdParty.TC_13" name="pan" time="0.423"/>
  <testcase classname="ThirdParty.TC_13" name="email_reset" time="0.510"/>
  <testcase classname="ThirdParty.TC_13" name="insureddetails_btn" time="0.103"/>
  <testcase classname="ThirdParty.TC_13" name="address" time="2.175"/>
  <testcase classname="ThirdParty.TC_13" name="current_address" time="0.100"/>
  <testcase classname="ThirdParty.TC_13" name="address_btn" time="0.086"/>
  <testcase classname="ThirdParty.TC_13" name="nomin_name" time="74.859"/>
  <testcase classname="ThirdParty.TC_13" name="nominee_marital" time="2.107"/>
  <testcase classname="ThirdParty.TC_13" name="nominee_dob" time="0.328"/>
  <testcase classname="ThirdParty.TC_13" name="nominee_btn" time="0.077"/>
  <testcase classname="ThirdParty.TC_13" name="engine" time="1.206"/>
  <testcase classname="ThirdParty.TC_13" name="chasis" time="0.120"/>
  <testcase classname="ThirdParty.TC_13" name="loan_yes" time="0.077"/>
  <testcase classname="ThirdParty.TC_13" name="bnk_name" time="0.119"/>
  <testcase classname="ThirdParty.TC_13" name="bnk_city" time="0.122"/>
  <testcase classname="ThirdParty.TC_13" name="vehicle_button" time="0.087"/>
  <testcase classname="ThirdParty.TC_13" name="previous_policy" time="0.933"/>
  <testcase classname="ThirdParty.TC_13" name="terms" time="0.687"/>
  <testcase classname="ThirdParty.TC_13" name="existing_cust" time="0.077"/>
  <testcase classname="ThirdParty.TC_13" name="Make_payment" time="0.065"/>
  <testcase classname="ThirdParty.TC_13" name="Make_payment_rel" time="24.588"/>
  <testcase classname="ThirdParty.TC_13" name="net_banking" time="0.110"/>
  <testcase classname="ThirdParty.TC_13" name="select_bank" time="0.182"/>
  <testcase classname="ThirdParty.TC_13" name="Rel_payment" time="0.436"/>
  <testcase classname="ThirdParty.TC_13" name="success_payment" time="21.958"/>
  <testcase classname="ThirdParty.TC_13" name="get_policyno" time="0.052"/>
</testsuite> <!-- ThirdParty.TC_13 -->
