<?xml version="1.0" encoding="UTF-8"?>
<!-- Generated by org.testng.reporters.JUnitReportReporter -->
<testsuite hostname="QA-VishalB" failures="0" tests="51" name="ThirdParty.TC_10" time="144.894" errors="0" timestamp="2024-09-16T17:02:01 IST" skipped="0">
  <testcase classname="ThirdParty.TC_10" name="clickCarModule" time="3.207"/>
  <testcase classname="ThirdParty.TC_10" name="dontknowcar" time="3.078"/>
  <testcase classname="ThirdParty.TC_10" name="Third_party" time="0.207"/>
  <testcase classname="ThirdParty.TC_10" name="rto_num" time="0.847"/>
  <testcase classname="ThirdParty.TC_10" name="reg_date" time="1.786"/>
  <testcase classname="ThirdParty.TC_10" name="vehicle_num" time="0.215"/>
  <testcase classname="ThirdParty.TC_10" name="make" time="0.460"/>
  <testcase classname="ThirdParty.TC_10" name="model" time="1.041"/>
  <testcase classname="ThirdParty.TC_10" name="variant" time="0.415"/>
  <testcase classname="ThirdParty.TC_10" name="previous_pol" time="0.365"/>
  <testcase classname="ThirdParty.TC_10" name="existing_insurer" time="0.205"/>
  <testcase classname="ThirdParty.TC_10" name="pol_Expirydate" time="1.289"/>
  <testcase classname="ThirdParty.TC_10" name="owner_type" time="0.165"/>
  <testcase classname="ThirdParty.TC_10" name="CPA_Yes" time="0.169"/>
  <testcase classname="ThirdParty.TC_10" name="ownership_no" time="0.001"/>
  <testcase classname="ThirdParty.TC_10" name="claim_yes" time="0.001"/>
  <testcase classname="ThirdParty.TC_10" name="fullname" time="0.299"/>
  <testcase classname="ThirdParty.TC_10" name="mobnum" time="0.465"/>
  <testcase classname="ThirdParty.TC_10" name="term_con" time="0.303"/>
  <testcase classname="ThirdParty.TC_10" name="get_quote" time="0.397"/>
  <testcase classname="ThirdParty.TC_10" name="premium" time="58.569"/>
  <testcase classname="ThirdParty.TC_10" name="kyc_button" time="2.323"/>
  <testcase classname="ThirdParty.TC_10" name="ckyc_number" time="0.152"/>
  <testcase classname="ThirdParty.TC_10" name="dob_calender" time="0.392"/>
  <testcase classname="ThirdParty.TC_10" name="email" time="0.153"/>
  <testcase classname="ThirdParty.TC_10" name="Verify_kyc" time="0.095"/>
  <testcase classname="ThirdParty.TC_10" name="Marital" time="1.786"/>
  <testcase classname="ThirdParty.TC_10" name="pan" time="0.376"/>
  <testcase classname="ThirdParty.TC_10" name="email_reset" time="0.409"/>
  <testcase classname="ThirdParty.TC_10" name="insureddetails_btn" time="0.087"/>
  <testcase classname="ThirdParty.TC_10" name="address" time="2.166"/>
  <testcase classname="ThirdParty.TC_10" name="current_address" time="0.098"/>
  <testcase classname="ThirdParty.TC_10" name="address_btn" time="0.091"/>
  <testcase classname="ThirdParty.TC_10" name="nomin_name" time="4.651"/>
  <testcase classname="ThirdParty.TC_10" name="nominee_marital" time="2.117"/>
  <testcase classname="ThirdParty.TC_10" name="nominee_dob" time="0.308"/>
  <testcase classname="ThirdParty.TC_10" name="nominee_btn" time="0.092"/>
  <testcase classname="ThirdParty.TC_10" name="engine" time="1.236"/>
  <testcase classname="ThirdParty.TC_10" name="chasis" time="0.198"/>
  <testcase classname="ThirdParty.TC_10" name="loan" time="0.121"/>
  <testcase classname="ThirdParty.TC_10" name="vehicle_button" time="0.140"/>
  <testcase classname="ThirdParty.TC_10" name="previous_policy" time="0.880"/>
  <testcase classname="ThirdParty.TC_10" name="terms" time="0.627"/>
  <testcase classname="ThirdParty.TC_10" name="existing_cust" time="0.072"/>
  <testcase classname="ThirdParty.TC_10" name="Make_payment" time="0.069"/>
  <testcase classname="ThirdParty.TC_10" name="Make_payment_rel" time="30.902"/>
  <testcase classname="ThirdParty.TC_10" name="net_banking" time="0.124"/>
  <testcase classname="ThirdParty.TC_10" name="select_bank" time="0.193"/>
  <testcase classname="ThirdParty.TC_10" name="Rel_payment" time="6.935"/>
  <testcase classname="ThirdParty.TC_10" name="success_payment" time="14.402"/>
  <testcase classname="ThirdParty.TC_10" name="get_policyno" time="0.215"/>
</testsuite> <!-- ThirdParty.TC_10 -->
