<?xml version="1.0" encoding="UTF-8"?>
<!-- Generated by org.testng.reporters.JUnitReportReporter -->
<testsuite hostname="QA-VishalB" failures="0" tests="52" name="New_car.TC_03" time="124.848" errors="0" timestamp="2024-09-13T16:09:15 IST" skipped="0">
  <testcase classname="New_car.TC_03" name="clickCarModule" time="1.199"/>
  <testcase classname="New_car.TC_03" name="newCar" time="3.011"/>
  <testcase classname="New_car.TC_03" name="rto_num" time="0.620"/>
  <testcase classname="New_car.TC_03" name="make" time="0.585"/>
  <testcase classname="New_car.TC_03" name="model" time="0.296"/>
  <testcase classname="New_car.TC_03" name="variant" time="0.146"/>
  <testcase classname="New_car.TC_03" name="organisation" time="0.117"/>
  <testcase classname="New_car.TC_03" name="okk" time="0.640"/>
  <testcase classname="New_car.TC_03" name="fullname" time="0.239"/>
  <testcase classname="New_car.TC_03" name="mobnum" time="0.138"/>
  <testcase classname="New_car.TC_03" name="term_con" time="0.098"/>
  <testcase classname="New_car.TC_03" name="quote_btn" time="0.242"/>
  <testcase classname="New_car.TC_03" name="addons_drpdown" time="22.350"/>
  <testcase classname="New_car.TC_03" name="addons_select" time="0.283"/>
  <testcase classname="New_car.TC_03" name="claimfor_zerodep" time="0.206"/>
  <testcase classname="New_car.TC_03" name="zrodep_btn" time="0.158"/>
  <testcase classname="New_car.TC_03" name="all_addons" time="4.646"/>
  <testcase classname="New_car.TC_03" name="Accessrios_cover" time="1.180"/>
  <testcase classname="New_car.TC_03" name="elec_acc" time="1.380"/>
  <testcase classname="New_car.TC_03" name="non_elec" time="1.389"/>
  <testcase classname="New_car.TC_03" name="pa_cover" time="3.410"/>
  <testcase classname="New_car.TC_03" name="discounts" time="2.038"/>
  <testcase classname="New_car.TC_03" name="cng" time="7.792"/>
  <testcase classname="New_car.TC_03" name="getquote" time="16.503"/>
  <testcase classname="New_car.TC_03" name="ckyc_yes" time="1.248"/>
  <testcase classname="New_car.TC_03" name="ckyc_number" time="0.183"/>
  <testcase classname="New_car.TC_03" name="dob_calender" time="0.467"/>
  <testcase classname="New_car.TC_03" name="email" time="0.146"/>
  <testcase classname="New_car.TC_03" name="Verify_kyc" time="0.078"/>
  <testcase classname="New_car.TC_03" name="insured_details" time="1.371"/>
  <testcase classname="New_car.TC_03" name="pan" time="0.115"/>
  <testcase classname="New_car.TC_03" name="insureddetails_btn" time="0.094"/>
  <testcase classname="New_car.TC_03" name="address" time="5.194"/>
  <testcase classname="New_car.TC_03" name="current_address" time="0.094"/>
  <testcase classname="New_car.TC_03" name="address_btn" time="0.084"/>
  <testcase classname="New_car.TC_03" name="engine" time="1.171"/>
  <testcase classname="New_car.TC_03" name="chasis" time="0.136"/>
  <testcase classname="New_car.TC_03" name="reg_code" time="0.142"/>
  <testcase classname="New_car.TC_03" name="reg_num" time="0.141"/>
  <testcase classname="New_car.TC_03" name="loan_yes" time="0.078"/>
  <testcase classname="New_car.TC_03" name="bnk_name" time="0.130"/>
  <testcase classname="New_car.TC_03" name="bnk_city" time="0.113"/>
  <testcase classname="New_car.TC_03" name="vehicle_button" time="0.100"/>
  <testcase classname="New_car.TC_03" name="terms" time="0.628"/>
  <testcase classname="New_car.TC_03" name="existing_cust" time="0.079"/>
  <testcase classname="New_car.TC_03" name="Make_payment" time="0.073"/>
  <testcase classname="New_car.TC_03" name="Make_payment_rel" time="28.512"/>
  <testcase classname="New_car.TC_03" name="net_banking" time="0.118"/>
  <testcase classname="New_car.TC_03" name="select_bank" time="0.186"/>
  <testcase classname="New_car.TC_03" name="Rel_payment" time="0.440"/>
  <testcase classname="New_car.TC_03" name="success_payment" time="15.009"/>
  <testcase classname="New_car.TC_03" name="get_policyno" time="0.052"/>
</testsuite> <!-- New_car.TC_03 -->
