<?xml version="1.0" encoding="UTF-8"?>
<!-- Generated by org.testng.reporters.JUnitReportReporter -->
<testsuite hostname="QA-VishalB" failures="0" tests="1" name="practice_gs.Url" time="0.222" errors="0" timestamp="2024-08-12T14:59:06 IST" skipped="0">
  <testcase classname="practice_gs.Url" name="testSomething" time="0.222"/>
</testsuite> <!-- practice_gs.Url -->
