<?xml version="1.0" encoding="UTF-8"?>
<!-- Generated by org.testng.reporters.JUnitReportReporter -->
<testsuite hostname="QA-VishalB" failures="0" tests="56" name="ThirdParty.TC_12" time="141.053" errors="0" timestamp="2024-09-16T17:02:01 IST" skipped="0">
  <testcase classname="ThirdParty.TC_12" name="clickCarModule" time="1.564"/>
  <testcase classname="ThirdParty.TC_12" name="dontknowcar" time="0.988"/>
  <testcase classname="ThirdParty.TC_12" name="Third_party" time="0.228"/>
  <testcase classname="ThirdParty.TC_12" name="exisitngTP_popup" time="0.002"/>
  <testcase classname="ThirdParty.TC_12" name="rto_num" time="1.127"/>
  <testcase classname="ThirdParty.TC_12" name="reg_date" time="2.586"/>
  <testcase classname="ThirdParty.TC_12" name="vehicle_num" time="0.225"/>
  <testcase classname="ThirdParty.TC_12" name="make" time="0.816"/>
  <testcase classname="ThirdParty.TC_12" name="model" time="0.724"/>
  <testcase classname="ThirdParty.TC_12" name="variant" time="0.650"/>
  <testcase classname="ThirdParty.TC_12" name="previous_pol" time="0.671"/>
  <testcase classname="ThirdParty.TC_12" name="existing_insurer" time="0.210"/>
  <testcase classname="ThirdParty.TC_12" name="pol_Expirydate" time="1.484"/>
  <testcase classname="ThirdParty.TC_12" name="owner_type" time="0.098"/>
  <testcase classname="ThirdParty.TC_12" name="ownership_no" time="0.123"/>
  <testcase classname="ThirdParty.TC_12" name="claim_No" time="0.001"/>
  <testcase classname="ThirdParty.TC_12" name="ncb_drpdwn" time="0.001"/>
  <testcase classname="ThirdParty.TC_12" name="fullname" time="0.350"/>
  <testcase classname="ThirdParty.TC_12" name="mobnum" time="0.306"/>
  <testcase classname="ThirdParty.TC_12" name="term_con" time="0.095"/>
  <testcase classname="ThirdParty.TC_12" name="get_quote" time="0.511"/>
  <testcase classname="ThirdParty.TC_12" name="pa_cover" time="44.146"/>
  <testcase classname="ThirdParty.TC_12" name="cng" time="4.173"/>
  <testcase classname="ThirdParty.TC_12" name="premium" time="7.736"/>
  <testcase classname="ThirdParty.TC_12" name="kyc_button" time="1.362"/>
  <testcase classname="ThirdParty.TC_12" name="ckyc_number" time="0.233"/>
  <testcase classname="ThirdParty.TC_12" name="dob_calender" time="0.712"/>
  <testcase classname="ThirdParty.TC_12" name="email" time="0.198"/>
  <testcase classname="ThirdParty.TC_12" name="Verify_kyc" time="0.099"/>
  <testcase classname="ThirdParty.TC_12" name="Marital" time="1.725"/>
  <testcase classname="ThirdParty.TC_12" name="pan" time="0.417"/>
  <testcase classname="ThirdParty.TC_12" name="email_reset" time="0.409"/>
  <testcase classname="ThirdParty.TC_12" name="insureddetails_btn" time="0.084"/>
  <testcase classname="ThirdParty.TC_12" name="address" time="2.182"/>
  <testcase classname="ThirdParty.TC_12" name="current_address" time="0.069"/>
  <testcase classname="ThirdParty.TC_12" name="address_btn" time="0.089"/>
  <testcase classname="ThirdParty.TC_12" name="nomin_name" time="4.671"/>
  <testcase classname="ThirdParty.TC_12" name="nominee_marital" time="2.151"/>
  <testcase classname="ThirdParty.TC_12" name="nominee_dob" time="0.318"/>
  <testcase classname="ThirdParty.TC_12" name="nominee_btn" time="0.079"/>
  <testcase classname="ThirdParty.TC_12" name="engine" time="1.205"/>
  <testcase classname="ThirdParty.TC_12" name="chasis" time="0.118"/>
  <testcase classname="ThirdParty.TC_12" name="loan_yes" time="0.084"/>
  <testcase classname="ThirdParty.TC_12" name="bnk_name" time="0.124"/>
  <testcase classname="ThirdParty.TC_12" name="bnk_city" time="0.127"/>
  <testcase classname="ThirdParty.TC_12" name="vehicle_button" time="0.094"/>
  <testcase classname="ThirdParty.TC_12" name="previous_policy" time="1.014"/>
  <testcase classname="ThirdParty.TC_12" name="terms" time="0.653"/>
  <testcase classname="ThirdParty.TC_12" name="existing_cust" time="0.094"/>
  <testcase classname="ThirdParty.TC_12" name="Make_payment" time="0.078"/>
  <testcase classname="ThirdParty.TC_12" name="Make_payment_rel" time="32.136"/>
  <testcase classname="ThirdParty.TC_12" name="net_banking" time="0.106"/>
  <testcase classname="ThirdParty.TC_12" name="select_bank" time="0.199"/>
  <testcase classname="ThirdParty.TC_12" name="Rel_payment" time="0.414"/>
  <testcase classname="ThirdParty.TC_12" name="success_payment" time="6.302"/>
  <testcase classname="ThirdParty.TC_12" name="get_policyno" time="14.692"/>
</testsuite> <!-- ThirdParty.TC_12 -->
