<?xml version="1.0" encoding="UTF-8"?>
<!-- Generated by org.testng.reporters.JUnitReportReporter -->
<testsuite hostname="QA-VishalB" failures="0" tests="55" name="New_car.TC_02" time="136.201" errors="0" timestamp="2024-09-13T16:09:15 IST" skipped="0">
  <testcase classname="New_car.TC_02" name="clickCarModule" time="4.711"/>
  <testcase classname="New_car.TC_02" name="newCar" time="0.201"/>
  <testcase classname="New_car.TC_02" name="rto_num" time="0.548"/>
  <testcase classname="New_car.TC_02" name="make" time="1.200"/>
  <testcase classname="New_car.TC_02" name="model" time="0.298"/>
  <testcase classname="New_car.TC_02" name="variant" time="0.152"/>
  <testcase classname="New_car.TC_02" name="CPA_yes" time="0.097"/>
  <testcase classname="New_car.TC_02" name="fullname" time="0.128"/>
  <testcase classname="New_car.TC_02" name="mobnum" time="0.145"/>
  <testcase classname="New_car.TC_02" name="term_con" time="0.105"/>
  <testcase classname="New_car.TC_02" name="quote_btn" time="0.293"/>
  <testcase classname="New_car.TC_02" name="addons_drpdown" time="0.608"/>
  <testcase classname="New_car.TC_02" name="addons_select" time="21.434"/>
  <testcase classname="New_car.TC_02" name="claimfor_zerodep" time="0.115"/>
  <testcase classname="New_car.TC_02" name="zrodep_btn" time="0.090"/>
  <testcase classname="New_car.TC_02" name="all_addons" time="4.256"/>
  <testcase classname="New_car.TC_02" name="Accessrios_cover" time="1.135"/>
  <testcase classname="New_car.TC_02" name="elec_acc" time="1.161"/>
  <testcase classname="New_car.TC_02" name="non_elec" time="1.422"/>
  <testcase classname="New_car.TC_02" name="pa_cover" time="2.084"/>
  <testcase classname="New_car.TC_02" name="discounts" time="2.249"/>
  <testcase classname="New_car.TC_02" name="cng" time="2.235"/>
  <testcase classname="New_car.TC_02" name="getquote" time="17.876"/>
  <testcase classname="New_car.TC_02" name="ckyc_yes" time="1.857"/>
  <testcase classname="New_car.TC_02" name="ckyc_number" time="0.202"/>
  <testcase classname="New_car.TC_02" name="dob_calender" time="0.536"/>
  <testcase classname="New_car.TC_02" name="email" time="0.212"/>
  <testcase classname="New_car.TC_02" name="Verify_kyc" time="0.090"/>
  <testcase classname="New_car.TC_02" name="Marital" time="0.668"/>
  <testcase classname="New_car.TC_02" name="pan" time="0.453"/>
  <testcase classname="New_car.TC_02" name="insureddetails_btn" time="0.120"/>
  <testcase classname="New_car.TC_02" name="address" time="2.193"/>
  <testcase classname="New_car.TC_02" name="current_address" time="0.187"/>
  <testcase classname="New_car.TC_02" name="address_btn" time="0.097"/>
  <testcase classname="New_car.TC_02" name="nomin_name" time="4.740"/>
  <testcase classname="New_car.TC_02" name="nominee_marital" time="0.107"/>
  <testcase classname="New_car.TC_02" name="nominee_dob" time="0.305"/>
  <testcase classname="New_car.TC_02" name="nominee_btn" time="0.086"/>
  <testcase classname="New_car.TC_02" name="engine" time="1.186"/>
  <testcase classname="New_car.TC_02" name="chasis" time="0.124"/>
  <testcase classname="New_car.TC_02" name="reg_code" time="0.131"/>
  <testcase classname="New_car.TC_02" name="reg_num" time="0.167"/>
  <testcase classname="New_car.TC_02" name="loan_yes" time="0.079"/>
  <testcase classname="New_car.TC_02" name="bnk_name" time="0.132"/>
  <testcase classname="New_car.TC_02" name="bnk_city" time="0.125"/>
  <testcase classname="New_car.TC_02" name="vehicle_button" time="0.096"/>
  <testcase classname="New_car.TC_02" name="terms" time="0.630"/>
  <testcase classname="New_car.TC_02" name="existing_cust" time="0.090"/>
  <testcase classname="New_car.TC_02" name="Make_payment" time="0.074"/>
  <testcase classname="New_car.TC_02" name="Make_payment_rel" time="37.834"/>
  <testcase classname="New_car.TC_02" name="net_banking" time="0.231"/>
  <testcase classname="New_car.TC_02" name="select_bank" time="0.185"/>
  <testcase classname="New_car.TC_02" name="Rel_payment" time="0.408"/>
  <testcase classname="New_car.TC_02" name="success_payment" time="2.976"/>
  <testcase classname="New_car.TC_02" name="get_policyno" time="17.337"/>
</testsuite> <!-- New_car.TC_02 -->
