<?xml version="1.0" encoding="UTF-8"?>
<!-- Generated by org.testng.reporters.JUnitReportReporter -->
<testsuite hostname="QA-VishalB" failures="0" tests="1" name="browser.WebsiteLaunch" time="12.332" errors="0" timestamp="2024-08-06T13:10:25 IST" skipped="0">
  <testcase classname="browser.WebsiteLaunch" name="url" time="12.332"/>
</testsuite> <!-- browser.WebsiteLaunch -->
