<?xml version="1.0" encoding="UTF-8"?>
<!-- Generated by org.testng.reporters.JUnitReportReporter -->
<testsuite hostname="QA-VishalB" failures="0" tests="39" name="New_car.TC_01" time="106.191" errors="0" timestamp="2024-09-13T16:09:15 IST" skipped="0">
  <testcase classname="New_car.TC_01" name="clickCarModule" time="2.245"/>
  <testcase classname="New_car.TC_01" name="newCar" time="0.129"/>
  <testcase classname="New_car.TC_01" name="rto_num" time="0.520"/>
  <testcase classname="New_car.TC_01" name="make" time="1.207"/>
  <testcase classname="New_car.TC_01" name="model" time="0.381"/>
  <testcase classname="New_car.TC_01" name="variant" time="0.197"/>
  <testcase classname="New_car.TC_01" name="fullname" time="0.140"/>
  <testcase classname="New_car.TC_01" name="mobnum" time="0.114"/>
  <testcase classname="New_car.TC_01" name="term_con" time="0.092"/>
  <testcase classname="New_car.TC_01" name="quote_btn" time="0.319"/>
  <testcase classname="New_car.TC_01" name="premium" time="22.536"/>
  <testcase classname="New_car.TC_01" name="kyc_button" time="0.485"/>
  <testcase classname="New_car.TC_01" name="ckyc_number" time="0.148"/>
  <testcase classname="New_car.TC_01" name="dob_calender" time="0.569"/>
  <testcase classname="New_car.TC_01" name="email" time="0.160"/>
  <testcase classname="New_car.TC_01" name="Verify_kyc" time="0.083"/>
  <testcase classname="New_car.TC_01" name="Marital" time="2.511"/>
  <testcase classname="New_car.TC_01" name="pan" time="0.435"/>
  <testcase classname="New_car.TC_01" name="insureddetails_btn" time="0.177"/>
  <testcase classname="New_car.TC_01" name="address" time="2.314"/>
  <testcase classname="New_car.TC_01" name="current_address" time="0.165"/>
  <testcase classname="New_car.TC_01" name="address_btn" time="0.133"/>
  <testcase classname="New_car.TC_01" name="nomin_name" time="4.773"/>
  <testcase classname="New_car.TC_01" name="nominee_marital" time="2.265"/>
  <testcase classname="New_car.TC_01" name="nominee_dob" time="0.768"/>
  <testcase classname="New_car.TC_01" name="nominee_btn" time="0.166"/>
  <testcase classname="New_car.TC_01" name="engine" time="0.953"/>
  <testcase classname="New_car.TC_01" name="chasis" time="0.220"/>
  <testcase classname="New_car.TC_01" name="loan" time="0.623"/>
  <testcase classname="New_car.TC_01" name="vehicle_button" time="0.271"/>
  <testcase classname="New_car.TC_01" name="terms" time="0.791"/>
  <testcase classname="New_car.TC_01" name="existing_cust" time="0.154"/>
  <testcase classname="New_car.TC_01" name="Make_payment" time="0.122"/>
  <testcase classname="New_car.TC_01" name="Make_payment_rel" time="38.492"/>
  <testcase classname="New_car.TC_01" name="net_banking" time="0.107"/>
  <testcase classname="New_car.TC_01" name="select_bank" time="0.175"/>
  <testcase classname="New_car.TC_01" name="Rel_payment" time="0.391"/>
  <testcase classname="New_car.TC_01" name="success_payment" time="20.670"/>
  <testcase classname="New_car.TC_01" name="get_policyno" time="0.190"/>
</testsuite> <!-- New_car.TC_01 -->
